<?xml version="1.0" encoding="UTF-8"?>
<!-- Generated by org.testng.reporters.JUnitXMLReporter -->
<testsuite ignored="1" hostname="DESKTOP-VEMCPH6" failures="0" tests="5" name="Default test" time="43.119" errors="0" timestamp="2024-08-14T01:48:21 IST">
  <testcase classname="org.selenium.AddToCartTest" name="addToCartFeaturedProducts" time="6.561"/>
  <testcase classname="org.selenium.AddToCartTest" name="addToCartFeaturedProducts" time="6.355"/>
  <testcase classname="org.selenium.AddToCartTest" name="addToCartFeaturedProducts" time="6.547"/>
  <testcase classname="org.selenium.AddToCartTest" name="addToCartFeaturedProducts" time="6.41"/>
  <testcase classname="org.selenium.AddToCartTest" name="addToCartFeaturedProducts" time="5.469"/>
  <testcase classname="org.selenium.AddToCartTest" name="addToCartFromStorePage" time="0.0">
    <ignored/>
  </testcase> <!-- addToCartFromStorePage -->
</testsuite> <!-- Default test -->
