<?xml version="1.0" encoding="UTF-8"?>
<!-- Generated by org.testng.reporters.JUnitXMLReporter -->
<testsuite ignored="2" hostname="DESKTOP-VEMCPH6" failures="0" tests="12" name="chrome" time="71.178" errors="0" timestamp="2024-08-20T12:35:36 IST">
  <testcase classname="org.selenium.AddToCartTest" name="addToCartFromStorePage" time="9.864"/>
  <testcase classname="org.selenium.AddToCartTest" name="addToCartFeaturedProducts" time="8.437"/>
  <testcase classname="org.selenium.AddToCartTest" name="addToCartFeaturedProducts" time="9.751"/>
  <testcase classname="org.selenium.AddToCartTest" name="addToCartFeaturedProducts" time="10.289"/>
  <testcase classname="org.selenium.MyFirstTestCase" name="guestCheckOutUsingDirectBankTransfer" time="32.468"/>
  <testcase classname="org.selenium.AddToCartTest" name="addToCartFeaturedProducts" time="11.076"/>
  <testcase classname="org.selenium.AddToCartTest" name="addToCartFeaturedProducts" time="5.947"/>
  <testcase classname="org.selenium.NavigationTest" name="NavigateFromHomeToStoreMenu" time="2.183"/>
  <testcase classname="org.selenium.LoginTest" name="loginDuringCheckOut" time="46.019"/>
  <testcase classname="org.selenium.SearchTest" name="SearchTestwithPartialMatch" time="2.962"/>
  <testcase classname="org.selenium.MyFirstTestCase" name="loginAndCheckOutUsingDirectBankTransfer" time="19.635"/>
  <testcase classname="org.selenium.CheckOutTest" name="loginAndCheckOutUsingDirectBankTransfer_temporary" time="60.411"/>
  <testcase classname="org.selenium.CheckOutTest" name="loginAndCheckOutUsingDirectBankTransfer" time="0.0">
    <ignored/>
  </testcase> <!-- loginAndCheckOutUsingDirectBankTransfer -->
  <testcase classname="org.selenium.CheckOutTest" name="GuestCheckoutUsingDirectBankTransfer" time="0.0">
    <ignored/>
  </testcase> <!-- GuestCheckoutUsingDirectBankTransfer -->
</testsuite> <!-- chrome -->
