<?xml version="1.0" encoding="UTF-8"?>
<!-- Generated by org.testng.reporters.JUnitXMLReporter -->
<testsuite ignored="0" hostname="DESKTOP-VEMCPH6" failures="0" tests="2" name="Test" time="53.607" errors="0" timestamp="2024-08-06T01:50:46 IST">
  <testcase classname="org.selenium.MyFirstTestCase" name="guestCheckOutUsingDirectBankTransfer" time="23.885"/>
  <testcase classname="org.selenium.MyFirstTestCase" name="loginAndCheckOutUsingDirectBankTransfer" time="18.152"/>
</testsuite> <!-- Test -->
