<?xml version="1.0" encoding="UTF-8"?>
<testng-results ignored="2" total="14" passed="12" failed="0" skipped="0">
  <reporter-output>
  </reporter-output>
  <suite started-at="2024-08-20T12:34:24 IST" name="Suite" finished-at="2024-08-20T12:35:36 IST" duration-ms="71178">
    <groups>
    </groups>
    <test started-at="2024-08-20T12:34:24 IST" name="chrome" finished-at="2024-08-20T12:35:36 IST" duration-ms="71178">
      <class name="org.selenium.SearchTest">
        <test-method is-config="true" signature="startDriver(java.lang.String)[pri:0, instance:org.selenium.SearchTest@3506d826]" started-at="2024-08-20T12:35:21 IST" name="startDriver" finished-at="2024-08-20T12:35:22 IST" duration-ms="908" status="PASS">
          <params>
            <param index="0">
              <value>
                <![CDATA[CHROME]]>
              </value>
            </param>
          </params>
          <reporter-output>
          </reporter-output>
        </test-method> <!-- startDriver -->
        <test-method signature="SearchTestwithPartialMatch()[pri:0, instance:org.selenium.SearchTest@3506d826]" started-at="2024-08-20T12:35:22 IST" name="SearchTestwithPartialMatch" finished-at="2024-08-20T12:35:24 IST" duration-ms="2962" status="PASS">
          <reporter-output>
          </reporter-output>
        </test-method> <!-- SearchTestwithPartialMatch -->
        <test-method is-config="true" signature="quitDriver(java.lang.String,org.testng.ITestResult)[pri:0, instance:org.selenium.SearchTest@3506d826]" started-at="2024-08-20T12:35:25 IST" name="quitDriver" finished-at="2024-08-20T12:35:26 IST" duration-ms="1475" status="PASS">
          <params>
            <param index="0">
              <value is-null="true"/>
            </param>
            <param index="1">
              <value>
                <![CDATA[[TestResult name=SearchTestwithPartialMatch status=SUCCESS method=SearchTest.SearchTestwithPartialMatch()[pri:0, instance:org.selenium.SearchTest@3506d826] output={null}]]]>
              </value>
            </param>
          </params>
          <reporter-output>
          </reporter-output>
        </test-method> <!-- quitDriver -->
      </class> <!-- org.selenium.SearchTest -->
      <class name="org.selenium.NavigationTest">
        <test-method is-config="true" signature="startDriver(java.lang.String)[pri:0, instance:org.selenium.NavigationTest@681adc8f]" started-at="2024-08-20T12:35:16 IST" name="startDriver" finished-at="2024-08-20T12:35:17 IST" duration-ms="1118" status="PASS">
          <params>
            <param index="0">
              <value>
                <![CDATA[CHROME]]>
              </value>
            </param>
          </params>
          <reporter-output>
          </reporter-output>
        </test-method> <!-- startDriver -->
        <test-method signature="NavigateFromHomeToStoreMenu()[pri:0, instance:org.selenium.NavigationTest@681adc8f]" started-at="2024-08-20T12:35:17 IST" name="NavigateFromHomeToStoreMenu" finished-at="2024-08-20T12:35:19 IST" duration-ms="2183" status="PASS">
          <reporter-output>
          </reporter-output>
        </test-method> <!-- NavigateFromHomeToStoreMenu -->
        <test-method is-config="true" signature="quitDriver(java.lang.String,org.testng.ITestResult)[pri:0, instance:org.selenium.NavigationTest@681adc8f]" started-at="2024-08-20T12:35:19 IST" name="quitDriver" finished-at="2024-08-20T12:35:21 IST" duration-ms="1373" status="PASS">
          <params>
            <param index="0">
              <value is-null="true"/>
            </param>
            <param index="1">
              <value>
                <![CDATA[[TestResult name=NavigateFromHomeToStoreMenu status=SUCCESS method=NavigationTest.NavigateFromHomeToStoreMenu()[pri:0, instance:org.selenium.NavigationTest@681adc8f] output={null}]]]>
              </value>
            </param>
          </params>
          <reporter-output>
          </reporter-output>
        </test-method> <!-- quitDriver -->
      </class> <!-- org.selenium.NavigationTest -->
      <class name="org.selenium.LoginTest">
        <test-method is-config="true" signature="startDriver(java.lang.String)[pri:0, instance:org.selenium.LoginTest@5782d777]" started-at="2024-08-20T12:34:25 IST" name="startDriver" finished-at="2024-08-20T12:34:34 IST" duration-ms="8951" status="PASS">
          <params>
            <param index="0">
              <value>
                <![CDATA[CHROME]]>
              </value>
            </param>
          </params>
          <reporter-output>
          </reporter-output>
        </test-method> <!-- startDriver -->
        <test-method signature="loginDuringCheckOut()[pri:0, instance:org.selenium.LoginTest@5782d777]" started-at="2024-08-20T12:34:34 IST" name="loginDuringCheckOut" finished-at="2024-08-20T12:35:20 IST" duration-ms="46019" status="PASS">
          <reporter-output>
          </reporter-output>
        </test-method> <!-- loginDuringCheckOut -->
        <test-method is-config="true" signature="quitDriver(java.lang.String,org.testng.ITestResult)[pri:0, instance:org.selenium.LoginTest@5782d777]" started-at="2024-08-20T12:35:20 IST" name="quitDriver" finished-at="2024-08-20T12:35:21 IST" duration-ms="513" status="PASS">
          <params>
            <param index="0">
              <value is-null="true"/>
            </param>
            <param index="1">
              <value>
                <![CDATA[[TestResult name=loginDuringCheckOut status=SUCCESS method=LoginTest.loginDuringCheckOut()[pri:0, instance:org.selenium.LoginTest@5782d777] output={null}]]]>
              </value>
            </param>
          </params>
          <reporter-output>
          </reporter-output>
        </test-method> <!-- quitDriver -->
      </class> <!-- org.selenium.LoginTest -->
      <class name="org.selenium.MyFirstTestCase">
        <test-method is-config="true" signature="startDriver(java.lang.String)[pri:0, instance:org.selenium.MyFirstTestCase@29629fbb]" started-at="2024-08-20T12:34:25 IST" name="startDriver" finished-at="2024-08-20T12:34:35 IST" duration-ms="9253" status="PASS">
          <params>
            <param index="0">
              <value>
                <![CDATA[CHROME]]>
              </value>
            </param>
          </params>
          <reporter-output>
          </reporter-output>
        </test-method> <!-- startDriver -->
        <test-method signature="guestCheckOutUsingDirectBankTransfer()[pri:0, instance:org.selenium.MyFirstTestCase@29629fbb]" started-at="2024-08-20T12:34:35 IST" name="guestCheckOutUsingDirectBankTransfer" finished-at="2024-08-20T12:35:07 IST" duration-ms="32468" status="PASS">
          <reporter-output>
          </reporter-output>
        </test-method> <!-- guestCheckOutUsingDirectBankTransfer -->
        <test-method is-config="true" signature="quitDriver(java.lang.String,org.testng.ITestResult)[pri:0, instance:org.selenium.MyFirstTestCase@29629fbb]" started-at="2024-08-20T12:35:07 IST" name="quitDriver" finished-at="2024-08-20T12:35:10 IST" duration-ms="3332" status="PASS">
          <params>
            <param index="0">
              <value is-null="true"/>
            </param>
            <param index="1">
              <value>
                <![CDATA[[TestResult name=guestCheckOutUsingDirectBankTransfer status=SUCCESS method=MyFirstTestCase.guestCheckOutUsingDirectBankTransfer()[pri:0, instance:org.selenium.MyFirstTestCase@29629fbb] output={null}]]]>
              </value>
            </param>
          </params>
          <reporter-output>
          </reporter-output>
        </test-method> <!-- quitDriver -->
        <test-method is-config="true" signature="startDriver(java.lang.String)[pri:0, instance:org.selenium.MyFirstTestCase@29629fbb]" started-at="2024-08-20T12:35:10 IST" name="startDriver" finished-at="2024-08-20T12:35:14 IST" duration-ms="3198" status="PASS">
          <params>
            <param index="0">
              <value>
                <![CDATA[CHROME]]>
              </value>
            </param>
          </params>
          <reporter-output>
          </reporter-output>
        </test-method> <!-- startDriver -->
        <test-method signature="loginAndCheckOutUsingDirectBankTransfer()[pri:0, instance:org.selenium.MyFirstTestCase@29629fbb]" started-at="2024-08-20T12:35:14 IST" name="loginAndCheckOutUsingDirectBankTransfer" finished-at="2024-08-20T12:35:33 IST" duration-ms="19635" status="PASS">
          <reporter-output>
          </reporter-output>
        </test-method> <!-- loginAndCheckOutUsingDirectBankTransfer -->
        <test-method is-config="true" signature="quitDriver(java.lang.String,org.testng.ITestResult)[pri:0, instance:org.selenium.MyFirstTestCase@29629fbb]" started-at="2024-08-20T12:35:33 IST" name="quitDriver" finished-at="2024-08-20T12:35:34 IST" duration-ms="296" status="PASS">
          <params>
            <param index="0">
              <value is-null="true"/>
            </param>
            <param index="1">
              <value>
                <![CDATA[[TestResult name=loginAndCheckOutUsingDirectBankTransfer status=SUCCESS method=MyFirstTestCase.loginAndCheckOutUsingDirectBankTransfer()[pri:0, instance:org.selenium.MyFirstTestCase@29629fbb] output={null}]]]>
              </value>
            </param>
          </params>
          <reporter-output>
          </reporter-output>
        </test-method> <!-- quitDriver -->
      </class> <!-- org.selenium.MyFirstTestCase -->
      <class name="org.selenium.AddToCartTest">
        <test-method is-config="true" signature="startDriver(java.lang.String)[pri:0, instance:org.selenium.AddToCartTest@48284d0e]" started-at="2024-08-20T12:34:25 IST" name="startDriver" finished-at="2024-08-20T12:34:35 IST" duration-ms="9258" status="PASS">
          <params>
            <param index="0">
              <value>
                <![CDATA[CHROME]]>
              </value>
            </param>
          </params>
          <reporter-output>
          </reporter-output>
        </test-method> <!-- startDriver -->
        <test-method is-config="true" signature="startDriver(java.lang.String)[pri:0, instance:org.selenium.AddToCartTest@48284d0e]" started-at="2024-08-20T12:34:27 IST" name="startDriver" finished-at="2024-08-20T12:35:06 IST" duration-ms="38974" status="PASS">
          <params>
            <param index="0">
              <value>
                <![CDATA[CHROME]]>
              </value>
            </param>
          </params>
          <reporter-output>
          </reporter-output>
        </test-method> <!-- startDriver -->
        <test-method is-config="true" signature="startDriver(java.lang.String)[pri:0, instance:org.selenium.AddToCartTest@48284d0e]" started-at="2024-08-20T12:34:27 IST" name="startDriver" finished-at="2024-08-20T12:34:49 IST" duration-ms="22453" status="PASS">
          <params>
            <param index="0">
              <value>
                <![CDATA[CHROME]]>
              </value>
            </param>
          </params>
          <reporter-output>
          </reporter-output>
        </test-method> <!-- startDriver -->
        <test-method is-config="true" signature="startDriver(java.lang.String)[pri:0, instance:org.selenium.AddToCartTest@48284d0e]" started-at="2024-08-20T12:34:27 IST" name="startDriver" finished-at="2024-08-20T12:34:56 IST" duration-ms="28799" status="PASS">
          <params>
            <param index="0">
              <value>
                <![CDATA[CHROME]]>
              </value>
            </param>
          </params>
          <reporter-output>
          </reporter-output>
        </test-method> <!-- startDriver -->
        <test-method is-config="true" signature="startDriver(java.lang.String)[pri:0, instance:org.selenium.AddToCartTest@48284d0e]" started-at="2024-08-20T12:34:27 IST" name="startDriver" finished-at="2024-08-20T12:35:00 IST" duration-ms="33589" status="PASS">
          <params>
            <param index="0">
              <value>
                <![CDATA[CHROME]]>
              </value>
            </param>
          </params>
          <reporter-output>
          </reporter-output>
        </test-method> <!-- startDriver -->
        <test-method is-config="true" signature="startDriver(java.lang.String)[pri:0, instance:org.selenium.AddToCartTest@48284d0e]" started-at="2024-08-20T12:34:27 IST" name="startDriver" finished-at="2024-08-20T12:34:45 IST" duration-ms="18194" status="PASS">
          <params>
            <param index="0">
              <value>
                <![CDATA[CHROME]]>
              </value>
            </param>
          </params>
          <reporter-output>
          </reporter-output>
        </test-method> <!-- startDriver -->
        <test-method signature="addToCartFromStorePage()[pri:0, instance:org.selenium.AddToCartTest@48284d0e]" started-at="2024-08-20T12:34:35 IST" name="addToCartFromStorePage" finished-at="2024-08-20T12:34:44 IST" duration-ms="9864" status="PASS">
          <reporter-output>
          </reporter-output>
        </test-method> <!-- addToCartFromStorePage -->
        <test-method is-config="true" signature="quitDriver(java.lang.String,org.testng.ITestResult)[pri:0, instance:org.selenium.AddToCartTest@48284d0e]" started-at="2024-08-20T12:34:44 IST" name="quitDriver" finished-at="2024-08-20T12:35:16 IST" duration-ms="31500" status="PASS">
          <params>
            <param index="0">
              <value is-null="true"/>
            </param>
            <param index="1">
              <value>
                <![CDATA[[TestResult name=addToCartFromStorePage status=SUCCESS method=AddToCartTest.addToCartFromStorePage()[pri:0, instance:org.selenium.AddToCartTest@48284d0e] output={null}]]]>
              </value>
            </param>
          </params>
          <reporter-output>
          </reporter-output>
        </test-method> <!-- quitDriver -->
        <test-method signature="addToCartFeaturedProducts(org.selenium.objects.Products)[pri:0, instance:org.selenium.AddToCartTest@48284d0e]" started-at="2024-08-20T12:34:45 IST" name="addToCartFeaturedProducts" data-provider="getFeaturedProducts" finished-at="2024-08-20T12:34:53 IST" duration-ms="8437" status="PASS">
          <params>
            <param index="0">
              <value>
                <![CDATA[org.selenium.objects.Products@19eb6138]]>
              </value>
            </param>
          </params>
          <reporter-output>
          </reporter-output>
        </test-method> <!-- addToCartFeaturedProducts -->
        <test-method signature="addToCartFeaturedProducts(org.selenium.objects.Products)[pri:0, instance:org.selenium.AddToCartTest@48284d0e]" started-at="2024-08-20T12:34:49 IST" name="addToCartFeaturedProducts" data-provider="getFeaturedProducts" finished-at="2024-08-20T12:34:59 IST" duration-ms="9751" status="PASS">
          <params>
            <param index="0">
              <value>
                <![CDATA[org.selenium.objects.Products@6a06f2b7]]>
              </value>
            </param>
          </params>
          <reporter-output>
          </reporter-output>
        </test-method> <!-- addToCartFeaturedProducts -->
        <test-method is-config="true" signature="quitDriver(java.lang.String,org.testng.ITestResult)[pri:0, instance:org.selenium.AddToCartTest@48284d0e]" started-at="2024-08-20T12:34:53 IST" name="quitDriver" finished-at="2024-08-20T12:35:15 IST" duration-ms="21377" status="PASS">
          <params>
            <param index="0">
              <value is-null="true"/>
            </param>
            <param index="1">
              <value>
                <![CDATA[[TestResult name=addToCartFeaturedProducts status=SUCCESS method=AddToCartTest.addToCartFeaturedProducts(org.selenium.objects.Products)[pri:0, instance:org.selenium.AddToCartTest@48284d0e] output={null}]]]>
              </value>
            </param>
          </params>
          <reporter-output>
          </reporter-output>
        </test-method> <!-- quitDriver -->
        <test-method signature="addToCartFeaturedProducts(org.selenium.objects.Products)[pri:0, instance:org.selenium.AddToCartTest@48284d0e]" started-at="2024-08-20T12:34:56 IST" name="addToCartFeaturedProducts" data-provider="getFeaturedProducts" finished-at="2024-08-20T12:35:06 IST" duration-ms="10289" status="PASS">
          <params>
            <param index="0">
              <value>
                <![CDATA[org.selenium.objects.Products@6067c00d]]>
              </value>
            </param>
          </params>
          <reporter-output>
          </reporter-output>
        </test-method> <!-- addToCartFeaturedProducts -->
        <test-method is-config="true" signature="quitDriver(java.lang.String,org.testng.ITestResult)[pri:0, instance:org.selenium.AddToCartTest@48284d0e]" started-at="2024-08-20T12:34:59 IST" name="quitDriver" finished-at="2024-08-20T12:35:12 IST" duration-ms="12818" status="PASS">
          <params>
            <param index="0">
              <value is-null="true"/>
            </param>
            <param index="1">
              <value>
                <![CDATA[[TestResult name=addToCartFeaturedProducts status=SUCCESS method=AddToCartTest.addToCartFeaturedProducts(org.selenium.objects.Products)[pri:0, instance:org.selenium.AddToCartTest@48284d0e] output={null}]]]>
              </value>
            </param>
          </params>
          <reporter-output>
          </reporter-output>
        </test-method> <!-- quitDriver -->
        <test-method signature="addToCartFeaturedProducts(org.selenium.objects.Products)[pri:0, instance:org.selenium.AddToCartTest@48284d0e]" started-at="2024-08-20T12:35:01 IST" name="addToCartFeaturedProducts" data-provider="getFeaturedProducts" finished-at="2024-08-20T12:35:12 IST" duration-ms="11076" status="PASS">
          <params>
            <param index="0">
              <value>
                <![CDATA[org.selenium.objects.Products@4763e30c]]>
              </value>
            </param>
          </params>
          <reporter-output>
          </reporter-output>
        </test-method> <!-- addToCartFeaturedProducts -->
        <test-method signature="addToCartFeaturedProducts(org.selenium.objects.Products)[pri:0, instance:org.selenium.AddToCartTest@48284d0e]" started-at="2024-08-20T12:35:06 IST" name="addToCartFeaturedProducts" data-provider="getFeaturedProducts" finished-at="2024-08-20T12:35:12 IST" duration-ms="5947" status="PASS">
          <params>
            <param index="0">
              <value>
                <![CDATA[org.selenium.objects.Products@21475a50]]>
              </value>
            </param>
          </params>
          <reporter-output>
          </reporter-output>
        </test-method> <!-- addToCartFeaturedProducts -->
        <test-method is-config="true" signature="quitDriver(java.lang.String,org.testng.ITestResult)[pri:0, instance:org.selenium.AddToCartTest@48284d0e]" started-at="2024-08-20T12:35:06 IST" name="quitDriver" finished-at="2024-08-20T12:35:23 IST" duration-ms="16854" status="PASS">
          <params>
            <param index="0">
              <value is-null="true"/>
            </param>
            <param index="1">
              <value>
                <![CDATA[[TestResult name=addToCartFeaturedProducts status=SUCCESS method=AddToCartTest.addToCartFeaturedProducts(org.selenium.objects.Products)[pri:0, instance:org.selenium.AddToCartTest@48284d0e] output={null}]]]>
              </value>
            </param>
          </params>
          <reporter-output>
          </reporter-output>
        </test-method> <!-- quitDriver -->
        <test-method is-config="true" signature="quitDriver(java.lang.String,org.testng.ITestResult)[pri:0, instance:org.selenium.AddToCartTest@48284d0e]" started-at="2024-08-20T12:35:12 IST" name="quitDriver" finished-at="2024-08-20T12:35:22 IST" duration-ms="10020" status="PASS">
          <params>
            <param index="0">
              <value is-null="true"/>
            </param>
            <param index="1">
              <value>
                <![CDATA[[TestResult name=addToCartFeaturedProducts status=SUCCESS method=AddToCartTest.addToCartFeaturedProducts(org.selenium.objects.Products)[pri:0, instance:org.selenium.AddToCartTest@48284d0e] output={null}]]]>
              </value>
            </param>
          </params>
          <reporter-output>
          </reporter-output>
        </test-method> <!-- quitDriver -->
        <test-method is-config="true" signature="quitDriver(java.lang.String,org.testng.ITestResult)[pri:0, instance:org.selenium.AddToCartTest@48284d0e]" started-at="2024-08-20T12:35:12 IST" name="quitDriver" finished-at="2024-08-20T12:35:19 IST" duration-ms="7026" status="PASS">
          <params>
            <param index="0">
              <value is-null="true"/>
            </param>
            <param index="1">
              <value>
                <![CDATA[[TestResult name=addToCartFeaturedProducts status=SUCCESS method=AddToCartTest.addToCartFeaturedProducts(org.selenium.objects.Products)[pri:0, instance:org.selenium.AddToCartTest@48284d0e] output={null}]]]>
              </value>
            </param>
          </params>
          <reporter-output>
          </reporter-output>
        </test-method> <!-- quitDriver -->
      </class> <!-- org.selenium.AddToCartTest -->
      <class name="org.selenium.CheckOutTest">
        <test-method is-config="true" signature="startDriver(java.lang.String)[pri:0, instance:org.selenium.CheckOutTest@23202c31]" started-at="2024-08-20T12:34:25 IST" name="startDriver" finished-at="2024-08-20T12:34:35 IST" duration-ms="9261" status="PASS">
          <params>
            <param index="0">
              <value>
                <![CDATA[CHROME]]>
              </value>
            </param>
          </params>
          <reporter-output>
          </reporter-output>
        </test-method> <!-- startDriver -->
        <test-method signature="loginAndCheckOutUsingDirectBankTransfer_temporary()[pri:0, instance:org.selenium.CheckOutTest@23202c31]" started-at="2024-08-20T12:34:35 IST" name="loginAndCheckOutUsingDirectBankTransfer_temporary" finished-at="2024-08-20T12:35:35 IST" duration-ms="60411" status="PASS">
          <reporter-output>
          </reporter-output>
        </test-method> <!-- loginAndCheckOutUsingDirectBankTransfer_temporary -->
        <test-method is-config="true" signature="quitDriver(java.lang.String,org.testng.ITestResult)[pri:0, instance:org.selenium.CheckOutTest@23202c31]" started-at="2024-08-20T12:35:35 IST" name="quitDriver" finished-at="2024-08-20T12:35:36 IST" duration-ms="693" status="PASS">
          <params>
            <param index="0">
              <value is-null="true"/>
            </param>
            <param index="1">
              <value>
                <![CDATA[[TestResult name=loginAndCheckOutUsingDirectBankTransfer_temporary status=SUCCESS method=CheckOutTest.loginAndCheckOutUsingDirectBankTransfer_temporary()[pri:0, instance:org.selenium.CheckOutTest@23202c31] output={null}]]]>
              </value>
            </param>
          </params>
          <reporter-output>
          </reporter-output>
        </test-method> <!-- quitDriver -->
      </class> <!-- org.selenium.CheckOutTest -->
    </test> <!-- chrome -->
  </suite> <!-- Suite -->
</testng-results>
